Arguments: 
  C:\Program Files\nodejs\node.exe C:\Users\rianw\AppData\Roaming\npm\node_modules\yarn\bin\yarn.js add bcrypt body-parser dotenv express joi jsonwebtoken jwt-decode moment pg pino pino-pretty reflect-metadata slugify swagger-autoget swagger-ui-express typeorm uuid

PATH: 
  C:\Program Files\PowerShell\7;C:\Program Files\Common Files\Oracle\Java\javapath;C:\Program Files\Microsoft\jdk-11.0.18.10-hotspot\bin;C:\Python311\Scripts\;C:\Python311\;C:\Windows\System32\HWAudioDriverLibs;C:\Windows\system32;C:\Windows;C:\Windows\System32\Wbem;C:\Windows\System32\WindowsPowerShell\v1.0\;C:\Windows\System32\OpenSSH\;C:\Windows\system32\config\systemprofile\AppData\Local\Microsoft\WindowsApps;C:\instantclient_21_8;C:\php-8.2.2;C:\Program Files\Microsoft VS Code\bin;C:\ProgramData\chocolatey\bin;C:\Users\rianw\AppData\Local\Android\Sdk\platform-tools;C:\Program Files\Git\cmd;C:\Program Files\Git\bin;C:\ProgramData\ComposerSetup\bin;C:\Program Files\Java\jdk-11\bin;C:\Program Files\apache-maven-3.9.0\bin;C:\Program Files\PowerShell\7\;C:\Users\rianw\AppData\Roaming\nvm;C:\Program Files\nodejs;C:\Program Files\Docker\Docker\resources\bin;C:\Program Files\nodejs\;C:\Program Files\MySQL\MySQL Shell 8.0\bin\;C:\Users\rianw\AppData\Local\Microsoft\WindowsApps;C:\Users\rianw\AppData\Roaming\Composer\vendor\bin;C:\Program Files\JetBrains\IntelliJ IDEA 2022.3.2\bin;C:\Users\rianw\AppData\Roaming\nvm;C:\Users\rianw\AppData\Local\Google\Cloud SDK\google-cloud-sdk\bin;C:\Users\rianw\AppData\Roaming\npm

Yarn version: 
  1.22.19

Node version: 
  18.16.0

Platform: 
  win32 x64

Trace: 
  Error: https://registry.yarnpkg.com/swagger-autoget: Not found
      at params.callback [as _callback] (C:\Users\rianw\AppData\Roaming\npm\node_modules\yarn\lib\cli.js:66145:18)
      at self.callback (C:\Users\rianw\AppData\Roaming\npm\node_modules\yarn\lib\cli.js:140890:22)
      at Request.emit (node:events:513:28)
      at Request.<anonymous> (C:\Users\rianw\AppData\Roaming\npm\node_modules\yarn\lib\cli.js:141862:10)
      at Request.emit (node:events:513:28)
      at IncomingMessage.<anonymous> (C:\Users\rianw\AppData\Roaming\npm\node_modules\yarn\lib\cli.js:141784:12)
      at Object.onceWrapper (node:events:627:28)
      at IncomingMessage.emit (node:events:525:35)
      at endReadableNT (node:internal/streams/readable:1359:12)
      at process.processTicksAndRejections (node:internal/process/task_queues:82:21)

npm manifest: 
  {
    "name": "rnd-2",
    "version": "1.0.0",
    "main": "index.js",
    "license": "MIT"
  }

yarn manifest: 
  No manifest

Lockfile: 
  No lockfile
